nohup: ignoring input
사용 장치: cuda:0
전처리된 Hetionet 데이터 로드 중...
데이터 분할 중 (Train/Val/Test)...
  - Validation negative 샘플 생성 중...
  - Test negative 샘플 생성 중...

[데이터 로드 완료]
학습용 'treats' 엣지: 605
검증용 'treats' 엣지 (Pos): 150
검증용 'treats' 엣지 (Neg): 150
테스트용 'treats' 엣지 (Pos): 150
테스트용 'treats' 엣지 (Neg): 150
  [모델] Compound 입력: 512D → 128D (Morgan FP)
  [모델] Disease 입력: 100D → 128D (One-hot)
  [모델] Anatomy: 402개 → 128D (임베딩)
  [모델] Biological Process: 11381개 → 128D (임베딩)
  [모델] Cellular Component: 1391개 → 128D (임베딩)
  [모델] Gene: 20945개 → 128D (임베딩)
  [모델] Molecular Function: 2884개 → 128D (임베딩)
  [모델] Pathway: 1822개 → 128D (임베딩)
  [모델] Pharmacologic Class: 345개 → 128D (임베딩)
  [모델] Side Effect: 5734개 → 128D (임베딩)
  [모델] Symptom: 438개 → 128D (임베딩)

[PULL 모델 학습 시작]
Epoch: 01, Loss: 0.1836, Val AUC: 0.7149, Test AUC: 0.7481 (Time: 151.21s)
  - PULL: 새로운 positive 엣지 탐색 중... (CPU)
  - PULL: 12개 엣지 추가됨 (평균 weight: 0.7010)
Epoch: 02, Loss: 0.1494, Val AUC: 0.7226, Test AUC: 0.7554 (Time: 148.68s)
  - PULL: 새로운 positive 엣지 탐색 중... (CPU)
  - PULL: 24개 엣지 추가됨 (평균 weight: 0.7103)
Epoch: 03, Loss: 0.1506, Val AUC: 0.7225, Test AUC: 0.7554 (Time: 148.56s)
  - PULL: 새로운 positive 엣지 탐색 중... (CPU)
  - PULL: 36개 엣지 추가됨 (평균 weight: 0.7187)
Epoch: 04, Loss: 0.1509, Val AUC: 0.7176, Test AUC: 0.7554 (Time: 147.64s)
  - PULL: 새로운 positive 엣지 탐색 중... (CPU)
  - PULL: 48개 엣지 추가됨 (평균 weight: 0.7234)
Epoch: 05, Loss: 0.1453, Val AUC: 0.7197, Test AUC: 0.7554 (Time: 150.57s)
  - PULL: 새로운 positive 엣지 탐색 중... (CPU)
  - PULL: 60개 엣지 추가됨 (평균 weight: 0.7272)
Epoch: 06, Loss: 0.1571, Val AUC: 0.7090, Test AUC: 0.7554 (Time: 149.97s)
  - PULL: 새로운 positive 엣지 탐색 중... (CPU)
  - PULL: 72개 엣지 추가됨 (평균 weight: 0.7228)
Epoch: 07, Loss: 0.1692, Val AUC: 0.7196, Test AUC: 0.7554 (Time: 150.14s)
  - PULL: 새로운 positive 엣지 탐색 중... (CPU)
  - PULL: 84개 엣지 추가됨 (평균 weight: 0.7184)
Epoch: 08, Loss: 0.1700, Val AUC: 0.7133, Test AUC: 0.7554 (Time: 145.91s)
  - PULL: 새로운 positive 엣지 탐색 중... (CPU)
  - PULL: 96개 엣지 추가됨 (평균 weight: 0.7164)
Epoch: 09, Loss: 0.1804, Val AUC: 0.7138, Test AUC: 0.7554 (Time: 138.19s)
  - PULL: 새로운 positive 엣지 탐색 중... (CPU)
  - PULL: 108개 엣지 추가됨 (평균 weight: 0.7193)
Epoch: 10, Val AUC가 (0.7107) 이전 최고(0.7226)보다 낮아 조기 종료합니다.

[학습 완료]
Best Epoch: 02, Val AUC: 0.7226, Test AUC: 0.7554
총 학습 시간: 1467.47s

[약물 재창출 후보 분석 시작]
[디버깅] Raw scores (마스킹 전):
  - 유니크 값 개수: 116497
  - 최소: -0.6575
  - 최대: 0.9244
  - 표준편차: 0.4564
[디버깅] Raw scores (마스킹 후):
  - 유니크 값 개수: 116408
  - 최소: -0.6575
  - 최대: 0.9244
  - 표준편차: 0.4521
[디버깅] Top 200개 raw scores:
  - 유니크 값 개수: 1
  - 최소: 0.9244
  - 최대: 0.9244
  - 표준편차: 0.0000
[디버깅] 상위 200개 확률 통계:
  - 최소: 0.7159
  - 최대: 0.7159
  - 평균: 0.7159
  - 중간값: 0.7159
  - 0.99 이상 개수: 0/200
  - 0.95 이상 개수: 0/200
  - 0.90 이상 개수: 0/200

[필터링 통계]
  - 0.90 이상으로 필터링된 후보: 0개
  - 다양성 필터 통과: 3개

--- 새로운 약물 재창출 후보 Top 20 (다양성 보장) ---
필터링: 예측 확률 >= 0.90 제외, 질병당 최대 3개
01. [약물] Auranofin -> [질병] sarcoma (예측 확률: 0.7159)
02. [약물] Acitretin -> [질병] sarcoma (예측 확률: 0.7159)
03. [약물] Gliclazide -> [질병] sarcoma (예측 확률: 0.7159)
