nohup: ignoring input
사용 장치: cuda:0
전처리된 Hetionet 데이터 로드 중...
데이터 분할 중 (Train/Val/Test)...
  - Validation negative 샘플 생성 중...
  - Test negative 샘플 생성 중...

[데이터 로드 완료]
학습용 'treats' 엣지: 605
검증용 'treats' 엣지 (Pos): 150
검증용 'treats' 엣지 (Neg): 150
테스트용 'treats' 엣지 (Pos): 150
테스트용 'treats' 엣지 (Neg): 150
  [모델] Compound 입력: 512D → 128D (Morgan FP)
  [모델] Disease 입력: 137D → 128D (One-hot)
  [모델] Anatomy: 402개 → 128D (임베딩)
  [모델] Biological Process: 11381개 → 128D (임베딩)
  [모델] Cellular Component: 1391개 → 128D (임베딩)
  [모델] Gene: 20945개 → 128D (임베딩)
  [모델] Molecular Function: 2884개 → 128D (임베딩)
  [모델] Pathway: 1822개 → 128D (임베딩)
  [모델] Pharmacologic Class: 345개 → 128D (임베딩)
  [모델] Side Effect: 5734개 → 128D (임베딩)
  [모델] Symptom: 438개 → 128D (임베딩)

[PULL 모델 학습 시작]
Epoch: 01, Loss: 0.1705, Val AUC: 0.7150, Test AUC: 0.7426 (Time: 107.53s)
  - PULL: 새로운 positive 엣지 탐색 중... (CPU)
  - PULL: 12개 엣지 추가됨 (평균 weight: 0.6966)
Epoch: 02, Loss: 0.1217, Val AUC: 0.7350, Test AUC: 0.7296 (Time: 107.41s)
  - PULL: 새로운 positive 엣지 탐색 중... (CPU)
  - PULL: 24개 엣지 추가됨 (평균 weight: 0.7021)
Epoch: 03, Loss: 0.1359, Val AUC: 0.7271, Test AUC: 0.7296 (Time: 107.55s)
  - PULL: 새로운 positive 엣지 탐색 중... (CPU)
  - PULL: 36개 엣지 추가됨 (평균 weight: 0.6879)
Epoch: 04, Loss: 0.2174, Val AUC: 0.6964, Test AUC: 0.7296 (Time: 107.53s)
  - PULL: 새로운 positive 엣지 탐색 중... (CPU)
  - PULL: 48개 엣지 추가됨 (평균 weight: 0.7144)
Epoch: 05, Loss: 0.1928, Val AUC: 0.7056, Test AUC: 0.7296 (Time: 107.81s)
  - PULL: 새로운 positive 엣지 탐색 중... (CPU)
  - PULL: 60개 엣지 추가됨 (평균 weight: 0.7093)
Epoch: 06, Loss: 0.2026, Val AUC: 0.7088, Test AUC: 0.7296 (Time: 107.40s)
  - PULL: 새로운 positive 엣지 탐색 중... (CPU)
  - PULL: 72개 엣지 추가됨 (평균 weight: 0.7122)
Epoch: 07, Loss: 0.1998, Val AUC: 0.7078, Test AUC: 0.7296 (Time: 107.31s)
  - PULL: 새로운 positive 엣지 탐색 중... (CPU)
  - PULL: 84개 엣지 추가됨 (평균 weight: 0.7109)
Epoch: 08, Loss: 0.2054, Val AUC: 0.7060, Test AUC: 0.7296 (Time: 107.97s)
  - PULL: 새로운 positive 엣지 탐색 중... (CPU)
  - PULL: 96개 엣지 추가됨 (평균 weight: 0.6959)
Epoch: 09, Loss: 0.2059, Val AUC: 0.7029, Test AUC: 0.7296 (Time: 107.49s)
  - PULL: 새로운 positive 엣지 탐색 중... (CPU)
  - PULL: 108개 엣지 추가됨 (평균 weight: 0.7057)
Epoch: 10, Val AUC가 (0.7076) 이전 최고(0.7350)보다 낮아 조기 종료합니다.

[학습 완료]
Best Epoch: 02, Val AUC: 0.7350, Test AUC: 0.7296
총 학습 시간: 1075.52s

[약물 재창출 후보 분석 시작]
[디버깅] Raw scores (마스킹 전):
  - 유니크 값 개수: 154676
  - 최소: -0.7588
  - 최대: 0.8483
  - 표준편차: 0.4550
[디버깅] Raw scores (마스킹 후):
  - 유니크 값 개수: 154562
  - 최소: -0.7588
  - 최대: 0.8483
  - 표준편차: 0.4513
[디버깅] Top 200개 raw scores:
  - 유니크 값 개수: 2
  - 최소: 0.8483
  - 최대: 0.8483
  - 표준편차: 0.0000
[디버깅] 상위 200개 확률 통계:
  - 최소: 0.7002
  - 최대: 0.7002
  - 평균: 0.7002
  - 중간값: 0.7002
  - 0.99 이상 개수: 0/200
  - 0.95 이상 개수: 0/200
  - 0.90 이상 개수: 0/200

[필터링 통계]
  - 0.90 이상으로 필터링된 후보: 0개
  - 다양성 필터 통과: 3개

--- 새로운 약물 재창출 후보 Top 20 (다양성 보장) ---
필터링: 예측 확률 >= 0.90 제외, 질병당 최대 3개
01. [약물] Sunitinib -> [질병] amyotrophic lateral sclerosis (예측 확률: 0.7002)
02. [약물] Dorzolamide -> [질병] amyotrophic lateral sclerosis (예측 확률: 0.7002)
03. [약물] Nilutamide -> [질병] amyotrophic lateral sclerosis (예측 확률: 0.7002)
