nohup python -u main_hetionet.py --hidden_dim 128 --lr 0.0005 --epochs 50 > 20251120_4.log 2>&1

nohup: ignoring input
사용 장치: cuda:0
전처리된 Hetionet 데이터 로드 중...
데이터 분할 중 (Train/Val/Test)...
  - Validation negative 샘플 생성 중...
  - Test negative 샘플 생성 중...

[데이터 로드 완료]
학습용 'treats' 엣지: 605
검증용 'treats' 엣지 (Pos): 150
검증용 'treats' 엣지 (Neg): 150
테스트용 'treats' 엣지 (Pos): 150
테스트용 'treats' 엣지 (Neg): 150
  [Model] Anatomy: Emb 402 -> Hidden 128
  [Model] Biological Process: Emb 11381 -> Hidden 128
  [Model] Cellular Component: Emb 1391 -> Hidden 128
  [Model] Compound: Feat 512 -> Hidden 128
  [Model] Disease: Emb 137 -> Hidden 128
  [Model] Gene: Emb 20945 -> Hidden 128
  [Model] Molecular Function: Emb 2884 -> Hidden 128
  [Model] Pathway: Emb 1822 -> Hidden 128
  [Model] Pharmacologic Class: Emb 345 -> Hidden 128
  [Model] Side Effect: Emb 5734 -> Hidden 128
  [Model] Symptom: Emb 438 -> Hidden 128

[PULL 모델 학습 시작]
Epoch: 01, Loss: 0.2892, Val AUC: 0.7192, Test AUC: 0.7304 (Time: 7.55s)
  - PULL: 새로운 positive 엣지(Expected Graph) 탐색 중...
  - PULL: 30개 엣지 추가 (Avg Weight: 1.0000)
Epoch: 02, Loss: 0.1311, Val AUC: 0.7193, Test AUC: 0.7312 (Time: 4.80s)
  - PULL: 새로운 positive 엣지(Expected Graph) 탐색 중...
  - PULL: 60개 엣지 추가 (Avg Weight: 0.9997)
Epoch: 03, Loss: 0.1104, Val AUC: 0.7246, Test AUC: 0.7445 (Time: 4.81s)
  - PULL: 새로운 positive 엣지(Expected Graph) 탐색 중...
  - PULL: 90개 엣지 추가 (Avg Weight: 0.9998)
Epoch: 04, Loss: 0.0943, Val AUC: 0.7247, Test AUC: 0.7484 (Time: 4.81s)
  - PULL: 새로운 positive 엣지(Expected Graph) 탐색 중...
  - PULL: 121개 엣지 추가 (Avg Weight: 0.9997)
Epoch: 05, Loss: 0.0801, Val AUC: 0.7305, Test AUC: 0.7470 (Time: 4.81s)
  - PULL: 새로운 positive 엣지(Expected Graph) 탐색 중...
  - PULL: 151개 엣지 추가 (Avg Weight: 0.9996)
Epoch: 06, Loss: 0.0665, Val AUC: 0.7320, Test AUC: 0.7472 (Time: 4.82s)
  - PULL: 새로운 positive 엣지(Expected Graph) 탐색 중...
  - PULL: 181개 엣지 추가 (Avg Weight: 0.9996)
Epoch: 07, Loss: 0.0567, Val AUC: 0.7252, Test AUC: 0.7472 (Time: 4.80s)
  - PULL: 새로운 positive 엣지(Expected Graph) 탐색 중...
  - PULL: 211개 엣지 추가 (Avg Weight: 0.9999)
Epoch: 08, Loss: 0.0499, Val AUC: 0.7268, Test AUC: 0.7472 (Time: 4.80s)
  - PULL: 새로운 positive 엣지(Expected Graph) 탐색 중...
  - PULL: 242개 엣지 추가 (Avg Weight: 1.0000)
Epoch: 09, Loss: 0.0456, Val AUC: 0.7285, Test AUC: 0.7472 (Time: 4.80s)
  - PULL: 새로운 positive 엣지(Expected Graph) 탐색 중...
  - PULL: 272개 엣지 추가 (Avg Weight: 0.9999)
Epoch: 10, Val AUC가 (0.7295) 이전 최고(0.7320)보다 낮아 조기 종료합니다.

[학습 완료]
Best Epoch: 06, Val AUC: 0.7320, Test AUC: 0.7472
총 학습 시간: 50.82s

[약물 재창출 후보 분석 시작]
[디버깅] Raw scores (마스킹 전):
  - 최소: -74.2845, 최대: 15.1160

--- 새로운 약물 재창출 후보 Top 20 ---
01. [약물] Ibandronate -> [질병] hematologic cancer (확률: 1.0000)
02. [약물] Ibandronate -> [질병] breast cancer (확률: 1.0000)
03. [약물] Pamidronate -> [질병] hematologic cancer (확률: 1.0000)
04. [약물] Pamidronate -> [질병] breast cancer (확률: 1.0000)
05. [약물] Bimatoprost -> [질병] hypertension (확률: 1.0000)
06. [약물] Etidronic acid -> [질병] hematologic cancer (확률: 1.0000)
07. [약물] Etidronic acid -> [질병] breast cancer (확률: 1.0000)
08. [약물] Eprosartan -> [질병] coronary artery disease (확률: 1.0000)
09. [약물] Levobunolol -> [질병] hypertension (확률: 1.0000)
10. [약물] Metipranolol -> [질병] hypertension (확률: 1.0000)
11. [약물] Pirbuterol -> [질병] glaucoma (확률: 1.0000)
12. [약물] Methotrexate -> [질병] pancreatic cancer (확률: 1.0000)
13. [약물] Phenytoin -> [질병] type 2 diabetes mellitus (확률: 1.0000)
14. [약물] Lamotrigine -> [질병] type 2 diabetes mellitus (확률: 1.0000)
15. [약물] Fosphenytoin -> [질병] type 2 diabetes mellitus (확률: 1.0000)
16. [약물] Terbutaline -> [질병] glaucoma (확률: 1.0000)
17. [약물] Isoetarine -> [질병] glaucoma (확률: 1.0000)
18. [약물] Diazepam -> [질병] obesity (확률: 1.0000)
19. [약물] Lamotrigine -> [질병] obesity (확률: 1.0000)
20. [약물] Apraclonidine -> [질병] asthma (확률: 1.0000)
