nohup: ignoring input
사용 장치: cuda:0
전처리된 Hetionet 데이터 로드 중...
데이터 분할 중 (Train/Val/Test)...
  - Validation negative 샘플 생성 중...
  - Test negative 샘플 생성 중...

[데이터 로드 완료]
학습용 'treats' 엣지: 605
검증용 'treats' 엣지 (Pos): 150
검증용 'treats' 엣지 (Neg): 150
테스트용 'treats' 엣지 (Pos): 150
테스트용 'treats' 엣지 (Neg): 150

[PULL 모델 학습 시작]
Epoch: 01, Loss: 0.1837, Val AUC: 0.7446, Test AUC: 0.7635 (Time: 111.59s)
  - PULL: 새로운 positive 엣지 탐색 중... (CPU)
  - PULL: 12개 엣지 추가됨 (평균 weight: 0.5385)
Epoch: 02, Loss: 0.1589, Val AUC: 0.7244, Test AUC: 0.7635 (Time: 109.29s)
  - PULL: 새로운 positive 엣지 탐색 중... (CPU)
  - PULL: 24개 엣지 추가됨 (평균 weight: 0.5402)
Epoch: 03, Loss: 0.1799, Val AUC: 0.7364, Test AUC: 0.7635 (Time: 109.02s)
  - PULL: 새로운 positive 엣지 탐색 중... (CPU)
  - PULL: 36개 엣지 추가됨 (평균 weight: 0.5392)
Epoch: 04, Loss: 0.2017, Val AUC: 0.7279, Test AUC: 0.7635 (Time: 109.47s)
  - PULL: 새로운 positive 엣지 탐색 중... (CPU)
  - PULL: 48개 엣지 추가됨 (평균 weight: 0.5405)
Epoch: 05, Loss: 0.1974, Val AUC: 0.7031, Test AUC: 0.7635 (Time: 109.80s)
  - PULL: 새로운 positive 엣지 탐색 중... (CPU)
  - PULL: 60개 엣지 추가됨 (평균 weight: 0.5417)
Epoch: 06, Loss: 0.2133, Val AUC: 0.7061, Test AUC: 0.7635 (Time: 109.18s)
  - PULL: 새로운 positive 엣지 탐색 중... (CPU)
  - PULL: 72개 엣지 추가됨 (평균 weight: 0.5399)
Epoch: 07, Loss: 0.2222, Val AUC: 0.7105, Test AUC: 0.7635 (Time: 109.81s)
  - PULL: 새로운 positive 엣지 탐색 중... (CPU)
  - PULL: 84개 엣지 추가됨 (평균 weight: 0.5399)
Epoch: 08, Loss: 0.3191, Val AUC: 0.7054, Test AUC: 0.7635 (Time: 109.48s)
  - PULL: 새로운 positive 엣지 탐색 중... (CPU)
  - PULL: 96개 엣지 추가됨 (평균 weight: 0.5335)
Epoch: 09, Loss: 0.2634, Val AUC: 0.7050, Test AUC: 0.7635 (Time: 110.04s)
  - PULL: 새로운 positive 엣지 탐색 중... (CPU)
  - PULL: 108개 엣지 추가됨 (평균 weight: 0.5330)
Epoch: 10, Val AUC가 (0.7030) 이전 최고(0.7446)보다 낮아 조기 종료합니다.

[학습 완료]
Best Epoch: 01, Val AUC: 0.7446, Test AUC: 0.7635
총 학습 시간: 1096.45s

[약물 재창출 후보 분석 시작]
[디버깅] Raw scores (정규화 후, cosine similarity):
  - 최소: -0.9099
  - 최대: 0.8040
  - 평균: -0.3449
[디버깅] 상위 200개 확률 통계:
  - 최소: 0.9997
  - 최대: 0.9997
  - 평균: 0.9997
  - 중간값: 0.9997
  - 0.99 이상 개수: 200/200
  - 0.95 이상 개수: 200/200
  - 0.90 이상 개수: 200/200

[필터링 통계]
  - 0.97 이상으로 필터링된 후보: 200개
  - 다양성 필터 통과: 0개

--- 새로운 약물 재창출 후보 Top 20 (다양성 보장) ---
필터링: 예측 확률 >= 0.97 제외, 질병당 최대 3개
⚠️ 경고: 조건을 만족하는 후보가 없습니다!
대안: Raw score 기준 상위 20개 (확률 무시)
01. [약물] Acetazolamide -> [질병] atopic dermatitis (확률: 0.9997, raw: 8.04)
02. [약물] Indinavir -> [질병] atopic dermatitis (확률: 0.9997, raw: 8.04)
03. [약물] Orlistat -> [질병] atopic dermatitis (확률: 0.9997, raw: 8.04)
