nohup: ignoring input
사용 장치: cuda:0
전처리된 Hetionet 데이터 로드 중...
데이터 분할 중 (Train/Val/Test)...
  - Validation negative 샘플 생성 중...
  - Test negative 샘플 생성 중...

[데이터 로드 완료]
학습용 'treats' 엣지: 605
검증용 'treats' 엣지 (Pos): 150
검증용 'treats' 엣지 (Neg): 150
테스트용 'treats' 엣지 (Pos): 150
테스트용 'treats' 엣지 (Neg): 150
  [Model] Anatomy: Emb 402 -> Hidden 128
  [Model] Biological Process: Emb 11381 -> Hidden 128
  [Model] Cellular Component: Emb 1391 -> Hidden 128
  [Model] Compound: Feat 512 -> Hidden 128
  [Model] Disease: Feat 100 -> Hidden 128
  [Model] Gene: Emb 20945 -> Hidden 128
  [Model] Molecular Function: Emb 2884 -> Hidden 128
  [Model] Pathway: Emb 1822 -> Hidden 128
  [Model] Pharmacologic Class: Emb 345 -> Hidden 128
  [Model] Side Effect: Emb 5734 -> Hidden 128
  [Model] Symptom: Emb 438 -> Hidden 128

[PULL 모델 학습 시작]
Epoch: 01, Loss: 0.4877, Val AUC: 0.7193, Test AUC: 0.7346 (Time: 7.90s)
  - PULL: 새로운 positive 엣지(Expected Graph) 탐색 중...
  - PULL: 30개 엣지 추가 (Avg Weight: 1.0000)
Epoch: 02, Loss: 0.1303, Val AUC: 0.7300, Test AUC: 0.7454 (Time: 5.10s)
  - PULL: 새로운 positive 엣지(Expected Graph) 탐색 중...
  - PULL: 60개 엣지 추가 (Avg Weight: 1.0000)
Epoch: 03, Loss: 0.1133, Val AUC: 0.7307, Test AUC: 0.7529 (Time: 4.84s)
  - PULL: 새로운 positive 엣지(Expected Graph) 탐색 중...
  - PULL: 90개 엣지 추가 (Avg Weight: 0.9994)
Epoch: 04, Loss: 0.0976, Val AUC: 0.7337, Test AUC: 0.7538 (Time: 4.86s)
  - PULL: 새로운 positive 엣지(Expected Graph) 탐색 중...
  - PULL: 121개 엣지 추가 (Avg Weight: 0.9996)
Epoch: 05, Loss: 0.1004, Val AUC: 0.7308, Test AUC: 0.7538 (Time: 4.82s)
  - PULL: 새로운 positive 엣지(Expected Graph) 탐색 중...
  - PULL: 151개 엣지 추가 (Avg Weight: 0.9994)
Epoch: 06, Loss: 0.0832, Val AUC: 0.7256, Test AUC: 0.7538 (Time: 4.83s)
  - PULL: 새로운 positive 엣지(Expected Graph) 탐색 중...
  - PULL: 181개 엣지 추가 (Avg Weight: 0.9999)
Epoch: 07, Loss: 0.0804, Val AUC: 0.7124, Test AUC: 0.7538 (Time: 4.82s)
  - PULL: 새로운 positive 엣지(Expected Graph) 탐색 중...
  - PULL: 211개 엣지 추가 (Avg Weight: 0.9999)
Epoch: 08, Loss: 0.0694, Val AUC: 0.7152, Test AUC: 0.7538 (Time: 4.82s)
  - PULL: 새로운 positive 엣지(Expected Graph) 탐색 중...
  - PULL: 242개 엣지 추가 (Avg Weight: 0.9999)
Epoch: 09, Loss: 0.0599, Val AUC: 0.7137, Test AUC: 0.7538 (Time: 4.84s)
  - PULL: 새로운 positive 엣지(Expected Graph) 탐색 중...
  - PULL: 272개 엣지 추가 (Avg Weight: 0.9997)
Epoch: 10, Val AUC가 (0.7219) 이전 최고(0.7337)보다 낮아 조기 종료합니다.

[학습 완료]
Best Epoch: 04, Val AUC: 0.7337, Test AUC: 0.7538
총 학습 시간: 51.68s

[약물 재창출 후보 분석 시작]
[디버깅] Raw scores (마스킹 전):
  - 최소: -265.8682, 최대: 17.0553

--- 새로운 약물 재창출 후보 Top 20 ---
01. [약물] Capecitabine -> [질병] hematologic cancer (확률: 1.0000)
02. [약물] Cabazitaxel -> [질병] hematologic cancer (확률: 1.0000)
03. [약물] Bicalutamide -> [질병] hematologic cancer (확률: 1.0000)
04. [약물] Timolol -> [질병] multiple sclerosis (확률: 1.0000)
05. [약물] Timolol -> [질병] rheumatoid arthritis (확률: 1.0000)
06. [약물] Timolol -> [질병] atopic dermatitis (확률: 1.0000)
07. [약물] Timolol -> [질병] chronic obstructive pulmonary disease (확률: 1.0000)
08. [약물] Betamethasone -> [질병] chronic obstructive pulmonary disease (확률: 0.9999)
09. [약물] Epirubicin -> [질병] lung cancer (확률: 0.9999)
10. [약물] Timolol -> [질병] psoriasis (확률: 0.9999)
11. [약물] Triamcinolone -> [질병] chronic obstructive pulmonary disease (확률: 0.9999)
12. [약물] Cetirizine -> [질병] rheumatoid arthritis (확률: 0.9999)
13. [약물] Methotrexate -> [질병] atopic dermatitis (확률: 0.9999)
14. [약물] Timolol -> [질병] osteoporosis (확률: 0.9998)
15. [약물] Timolol -> [질병] Crohn's disease (확률: 0.9998)
16. [약물] Cyclosporine -> [질병] multiple sclerosis (확률: 0.9998)
17. [약물] Cetirizine -> [질병] atopic dermatitis (확률: 0.9998)
18. [약물] Topiramate -> [질병] hypertension (확률: 0.9998)
19. [약물] Tiludronate -> [질병] rheumatoid arthritis (확률: 0.9998)
20. [약물] Timolol -> [질병] psoriatic arthritis (확률: 0.9998)
