nohup python -u main_hetionet.py --hidden_dim 128 --lr 0.0005 --epochs 15 > 20251120_5.log 2>&1&

nohup: ignoring input
사용 장치: cuda:0
전처리된 Hetionet 데이터 로드 중...
데이터 분할 중 (Train/Val/Test)...
  - Validation negative 샘플 생성 중...
  - Test negative 샘플 생성 중...

[데이터 로드 완료]
학습용 'treats' 엣지: 605
검증용 'treats' 엣지 (Pos): 150
검증용 'treats' 엣지 (Neg): 150
테스트용 'treats' 엣지 (Pos): 150
테스트용 'treats' 엣지 (Neg): 150
  [Model] Anatomy: Emb 402 -> Hidden 128
  [Model] Biological Process: Emb 11381 -> Hidden 128
  [Model] Cellular Component: Emb 1391 -> Hidden 128
  [Model] Compound: Feat 512 -> Hidden 128
  [Model] Disease: Emb 137 -> Hidden 128
  [Model] Gene: Emb 20945 -> Hidden 128
  [Model] Molecular Function: Emb 2884 -> Hidden 128
  [Model] Pathway: Emb 1822 -> Hidden 128
  [Model] Pharmacologic Class: Emb 345 -> Hidden 128
  [Model] Side Effect: Emb 5734 -> Hidden 128
  [Model] Symptom: Emb 438 -> Hidden 128

[PULL 모델 학습 시작]
Epoch: 01, Loss: 0.2906, Val AUC: 0.7170, Test AUC: 0.7319 (Time: 7.60s)
  - PULL: 새로운 positive 엣지(Expected Graph) 탐색 중...
  - PULL: 30개 엣지 추가 (Avg Weight: 1.0000)
Epoch: 02, Loss: 0.1335, Val AUC: 0.7205, Test AUC: 0.7331 (Time: 4.92s)
  - PULL: 새로운 positive 엣지(Expected Graph) 탐색 중...
  - PULL: 60개 엣지 추가 (Avg Weight: 0.9997)
Epoch: 03, Loss: 0.1131, Val AUC: 0.7250, Test AUC: 0.7430 (Time: 4.88s)
  - PULL: 새로운 positive 엣지(Expected Graph) 탐색 중...
  - PULL: 90개 엣지 추가 (Avg Weight: 0.9998)
Epoch: 04, Loss: 0.0984, Val AUC: 0.7268, Test AUC: 0.7489 (Time: 4.91s)
  - PULL: 새로운 positive 엣지(Expected Graph) 탐색 중...
  - PULL: 121개 엣지 추가 (Avg Weight: 0.9998)
Epoch: 05, Loss: 0.0864, Val AUC: 0.7303, Test AUC: 0.7529 (Time: 4.90s)
  - PULL: 새로운 positive 엣지(Expected Graph) 탐색 중...
  - PULL: 151개 엣지 추가 (Avg Weight: 0.9991)
Epoch: 06, Loss: 0.0727, Val AUC: 0.7304, Test AUC: 0.7435 (Time: 4.91s)
  - PULL: 새로운 positive 엣지(Expected Graph) 탐색 중...
  - PULL: 181개 엣지 추가 (Avg Weight: 0.9997)
Epoch: 07, Loss: 0.0624, Val AUC: 0.7268, Test AUC: 0.7435 (Time: 4.86s)
  - PULL: 새로운 positive 엣지(Expected Graph) 탐색 중...
  - PULL: 211개 엣지 추가 (Avg Weight: 0.9999)
Epoch: 08, Loss: 0.0547, Val AUC: 0.7278, Test AUC: 0.7435 (Time: 4.86s)
  - PULL: 새로운 positive 엣지(Expected Graph) 탐색 중...
  - PULL: 242개 엣지 추가 (Avg Weight: 0.9999)
Epoch: 09, Loss: 0.0490, Val AUC: 0.7359, Test AUC: 0.7629 (Time: 4.91s)
  - PULL: 새로운 positive 엣지(Expected Graph) 탐색 중...
  - PULL: 272개 엣지 추가 (Avg Weight: 0.9999)
Epoch: 10, Val AUC가 (0.7281) 이전 최고(0.7359)보다 낮아 조기 종료합니다.

[학습 완료]
Best Epoch: 09, Val AUC: 0.7359, Test AUC: 0.7629
총 학습 시간: 51.64s

[약물 재창출 후보 분석 시작]
[디버깅] Raw scores (마스킹 전):
  - 최소: -51.8712, 최대: 13.1436

--- 새로운 약물 재창출 후보 Top 20 ---
01. [약물] Ibandronate -> [질병] breast cancer (확률: 1.0000)
02. [약물] Pamidronate -> [질병] breast cancer (확률: 1.0000)
03. [약물] Ibandronate -> [질병] hematologic cancer (확률: 1.0000)
04. [약물] Pamidronate -> [질병] hematologic cancer (확률: 1.0000)
05. [약물] Estradiol valerate/Dienogest -> [질병] hematologic cancer (확률: 1.0000)
06. [약물] Alendronate -> [질병] breast cancer (확률: 1.0000)
07. [약물] Pirbuterol -> [질병] glaucoma (확률: 1.0000)
08. [약물] Pilocarpine -> [질병] asthma (확률: 1.0000)
09. [약물] Orciprenaline -> [질병] glaucoma (확률: 1.0000)
10. [약물] Isoetarine -> [질병] glaucoma (확률: 1.0000)
11. [약물] Brimonidine -> [질병] asthma (확률: 1.0000)
12. [약물] Metipranolol -> [질병] asthma (확률: 1.0000)
13. [약물] Methotrexate -> [질병] pancreatic cancer (확률: 0.9999)
14. [약물] Oxcarbazepine -> [질병] coronary artery disease (확률: 0.9999)
15. [약물] Pregabalin -> [질병] coronary artery disease (확률: 0.9999)
16. [약물] Pregabalin -> [질병] hypertension (확률: 0.9999)
17. [약물] Felbamate -> [질병] coronary artery disease (확률: 0.9999)
18. [약물] Pregabalin -> [질병] type 2 diabetes mellitus (확률: 0.9999)
19. [약물] Oxcarbazepine -> [질병] type 2 diabetes mellitus (확률: 0.9999)
20. [약물] Felbamate -> [질병] type 2 diabetes mellitus (확률: 0.9999)
