nohup: ignoring input
사용 장치: cuda:0
전처리된 Hetionet 데이터 로드 중...
데이터 분할 중 (Train/Val/Test)...
  - Validation negative 샘플 생성 중...
  - Test negative 샘플 생성 중...

[데이터 로드 완료]
학습용 'treats' 엣지: 605
검증용 'treats' 엣지 (Pos): 150
검증용 'treats' 엣지 (Neg): 150
테스트용 'treats' 엣지 (Pos): 150
테스트용 'treats' 엣지 (Neg): 150

[PULL 모델 학습 시작]
Epoch: 01, Loss: 0.1788, Val AUC: 0.7231, Test AUC: 0.7464 (Time: 117.96s)
  - PULL: 새로운 positive 엣지 탐색 중... (CPU)
  - PULL: 12개 엣지 추가됨 (평균 weight: 0.6876)
Epoch: 02, Loss: 0.1552, Val AUC: 0.7154, Test AUC: 0.7464 (Time: 114.66s)
  - PULL: 새로운 positive 엣지 탐색 중... (CPU)
  - PULL: 24개 엣지 추가됨 (평균 weight: 0.7050)
Epoch: 03, Loss: 0.1641, Val AUC: 0.7270, Test AUC: 0.7429 (Time: 115.87s)
  - PULL: 새로운 positive 엣지 탐색 중... (CPU)
  - PULL: 36개 엣지 추가됨 (평균 weight: 0.6935)
Epoch: 04, Loss: 0.1707, Val AUC: 0.7264, Test AUC: 0.7429 (Time: 115.52s)
  - PULL: 새로운 positive 엣지 탐색 중... (CPU)
  - PULL: 48개 엣지 추가됨 (평균 weight: 0.6925)
Epoch: 05, Loss: 0.2041, Val AUC: 0.7042, Test AUC: 0.7429 (Time: 110.24s)
  - PULL: 새로운 positive 엣지 탐색 중... (CPU)
  - PULL: 60개 엣지 추가됨 (평균 weight: 0.7054)
Epoch: 06, Loss: 0.1930, Val AUC: 0.7036, Test AUC: 0.7429 (Time: 110.02s)
  - PULL: 새로운 positive 엣지 탐색 중... (CPU)
  - PULL: 72개 엣지 추가됨 (평균 weight: 0.6941)
Epoch: 07, Loss: 0.1943, Val AUC: 0.7059, Test AUC: 0.7429 (Time: 110.07s)
  - PULL: 새로운 positive 엣지 탐색 중... (CPU)
  - PULL: 84개 엣지 추가됨 (평균 weight: 0.6780)
Epoch: 08, Loss: 0.2115, Val AUC: 0.6987, Test AUC: 0.7429 (Time: 110.13s)
  - PULL: 새로운 positive 엣지 탐색 중... (CPU)
  - PULL: 96개 엣지 추가됨 (평균 weight: 0.7022)
Epoch: 09, Loss: 0.2374, Val AUC: 0.7080, Test AUC: 0.7429 (Time: 110.34s)
  - PULL: 새로운 positive 엣지 탐색 중... (CPU)
  - PULL: 108개 엣지 추가됨 (평균 weight: 0.6835)
Epoch: 10, Val AUC가 (0.7050) 이전 최고(0.7270)보다 낮아 조기 종료합니다.

[학습 완료]
Best Epoch: 03, Val AUC: 0.7270, Test AUC: 0.7429
총 학습 시간: 1126.44s

[약물 재창출 후보 분석 시작]
[디버깅] Raw scores (마스킹 전):
  - 유니크 값 개수: 157431
  - 최소: -0.8535
  - 최대: 0.8817
  - 표준편차: 0.4619
[디버깅] Raw scores (마스킹 후):
  - 유니크 값 개수: 157315
  - 최소: -0.8535
  - 최대: 0.8817
  - 표준편차: 0.4573
[디버깅] Top 200개 raw scores:
  - 유니크 값 개수: 2
  - 최소: 0.8817
  - 최대: 0.8817
  - 표준편차: 0.0000
[디버깅] 상위 200개 확률 통계:
  - 최소: 0.7072
  - 최대: 0.7072
  - 평균: 0.7072
  - 중간값: 0.7072
  - 0.99 이상 개수: 0/200
  - 0.95 이상 개수: 0/200
  - 0.90 이상 개수: 0/200

[필터링 통계]
  - 0.90 이상으로 필터링된 후보: 0개
  - 다양성 필터 통과: 3개

--- 새로운 약물 재창출 후보 Top 20 (다양성 보장) ---
필터링: 예측 확률 >= 0.90 제외, 질병당 최대 3개
01. [약물] Sunitinib -> [질병] malaria (예측 확률: 0.7072)
02. [약물] Dorzolamide -> [질병] malaria (예측 확률: 0.7072)
03. [약물] Ifosfamide -> [질병] malaria (예측 확률: 0.7072)
